#
# A fatal error has been detected by the Java Runtime Environment:
#
#  EXCEPTION_ACCESS_VIOLATION (0xc0000005) at pc=0x000000005dcd4cc4, pid=14308, tid=6912
#
# JRE version: Java(TM) SE Runtime Environment (8.0_25-b18) (build 1.8.0_25-b18)
# Java VM: Java HotSpot(TM) 64-Bit Server VM (25.25-b02 mixed mode windows-amd64 compressed oops)
# Problematic frame:
# V  [jvm.dll+0x134cc4]
#
# Failed to write core dump. Minidumps are not enabled by default on client versions of Windows
#
# If you would like to submit a bug report, please visit:
#   http://bugreport.sun.com/bugreport/crash.jsp
#

---------------  T H R E A D  ---------------

Current thread (0x0000000018ba7800):  JavaThread "AWT-EventQueue-0" [_thread_in_vm, id=6912, stack(0x0000000019c40000,0x0000000019d40000)]

siginfo: ExceptionCode=0xc0000005, reading address 0x0000000000000000

Registers:
RAX=0x0000000000000000, RBX=0x0000000018ba7800, RCX=0x0000000000000780, RDX=0x0000000000000000
RSP=0x0000000019d3cd20, RBP=0x0000000019d3cea0, RSI=0x0000000000000000, RDI=0x0000000000000000
R8 =0x0000000000000000, R9 =0x00000000e1b54c30, R10=0x0000000000000084, R11=0x000000005e375300
R12=0x000000000050ea68, R13=0x0000000000000000, R14=0x0000000019d3cea0, R15=0x0000000018ba7800
RIP=0x000000005dcd4cc4, EFLAGS=0x0000000000010202

Top of Stack: (sp=0x0000000019d3cd20)
0x0000000019d3cd20:   0000000018ba7800 0000000019d3cd90
0x0000000019d3cd30:   000000001b8fef18 0000000018ba7800
0x0000000019d3cd40:   0000000018ba7800 0000000000000000
0x0000000019d3cd50:   000000001b8fef20 0000000019d3cea0
0x0000000019d3cd60:   000000001b8fef18 0000000000000000
0x0000000019d3cd70:   0000000018ba79e8 000000006d58204d
0x0000000019d3cd80:   0000000019d3cea0 000000001bcbaf90
0x0000000019d3cd90:   000000001b8fef20 0000000018ba7800
0x0000000019d3cda0:   000000001b8fef20 0000000018ba7800
0x0000000019d3cdb0:   000000001bcbaf90 00000000021a6509
0x0000000019d3cdc0:   000000001b8fef20 00000001000319f0
0x0000000019d3cdd0:   000000001bcbaf90 0000000019d3ce78
0x0000000019d3cde0:   0000000000000000 00000000021a6677
0x0000000019d3cdf0:   00000001000319f0 000000001bcbaf90
0x0000000019d3ce00:   000000001bcbaf90 00000000021a626b
0x0000000019d3ce10:   0000000018ba7800 000000001b8fef20 

Instructions: (pc=0x000000005dcd4cc4)
0x000000005dcd4ca4:   89 5c 24 20 48 89 74 24 28 48 39 73 08 74 0a 48
0x000000005dcd4cb4:   8d 4c 24 20 e8 43 04 13 00 40 38 35 84 f6 69 00
0x000000005dcd4cc4:   48 8b 3f 48 63 05 ea 72 68 00 74 1b 8b 0c 38 85
0x000000005dcd4cd4:   c9 74 77 8b c1 8b 0d 59 78 63 00 48 d3 e0 48 03 


Register to memory mapping:

RAX=0x0000000000000000 is an unknown value
RBX=0x0000000018ba7800 is a thread
RCX=0x0000000000000780 is an unknown value
RDX=0x0000000000000000 is an unknown value
RSP=0x0000000019d3cd20 is pointing into the stack for thread: 0x0000000018ba7800
RBP=0x0000000019d3cea0 is pointing into the stack for thread: 0x0000000018ba7800
RSI=0x0000000000000000 is an unknown value
RDI=0x0000000000000000 is an unknown value
R8 =0x0000000000000000 is an unknown value
R9 =0x00000000e1b54c30 is an oop
org.sqlite.core.NativeDB 
 - klass: 'org/sqlite/core/NativeDB'
R10=0x0000000000000084 is an unknown value
R11=0x000000005e375300 is an unknown value
R12=0x000000000050ea68 is an unknown value
R13=0x0000000000000000 is an unknown value
R14=0x0000000019d3cea0 is pointing into the stack for thread: 0x0000000018ba7800
R15=0x0000000018ba7800 is a thread


Stack: [0x0000000019c40000,0x0000000019d40000],  sp=0x0000000019d3cd20,  free space=1011k
Native frames: (J=compiled Java code, j=interpreted, Vv=VM code, C=native code)
V  [jvm.dll+0x134cc4]
C  [sqlite-3.8.11.2-84ee624e-e07b-4149-bca7-11ad83e8d3d3-sqlitejdbc.dll+0x204d]
C  0x00000000021a6677

Java frames: (J=compiled Java code, j=interpreted, Vv=VM code)
j  org.sqlite.core.NativeDB.prepare(Ljava/lang/String;)J+0
j  org.sqlite.core.DB.prepare(Lorg/sqlite/core/CoreStatement;)V+21
j  org.sqlite.jdbc3.JDBC3Statement.executeQuery(Ljava/lang/String;)Ljava/sql/ResultSet;+14
j  IST261DesktopPaneDemo.jfMain.jmiTestTablePanelActionPerformed(Ljava/awt/event/ActionEvent;)V+72
j  IST261DesktopPaneDemo.jfMain.access$600(LIST261DesktopPaneDemo/jfMain;Ljava/awt/event/ActionEvent;)V+2
j  IST261DesktopPaneDemo.jfMain$8.actionPerformed(Ljava/awt/event/ActionEvent;)V+5
j  javax.swing.AbstractButton.fireActionPerformed(Ljava/awt/event/ActionEvent;)V+83
j  javax.swing.AbstractButton$Handler.actionPerformed(Ljava/awt/event/ActionEvent;)V+5
j  javax.swing.DefaultButtonModel.fireActionPerformed(Ljava/awt/event/ActionEvent;)V+34
j  javax.swing.DefaultButtonModel.setPressed(Z)V+117
j  javax.swing.AbstractButton.doClick(I)V+64
j  javax.swing.plaf.basic.BasicMenuItemUI.doClick(Ljavax/swing/MenuSelectionManager;)V+53
j  javax.swing.plaf.basic.BasicMenuItemUI$Handler.mouseReleased(Ljava/awt/event/MouseEvent;)V+76
j  java.awt.Component.processMouseEvent(Ljava/awt/event/MouseEvent;)V+64
j  javax.swing.JComponent.processMouseEvent(Ljava/awt/event/MouseEvent;)V+23
j  java.awt.Component.processEvent(Ljava/awt/AWTEvent;)V+81
j  java.awt.Container.processEvent(Ljava/awt/AWTEvent;)V+18
j  java.awt.Component.dispatchEventImpl(Ljava/awt/AWTEvent;)V+589
J 848 C1 java.awt.Container.dispatchEventImpl(Ljava/awt/AWTEvent;)V (129 bytes) @ 0x00000000024641c4 [0x0000000002464080+0x144]
J 847 C1 java.awt.Component.dispatchEvent(Ljava/awt/AWTEvent;)V (6 bytes) @ 0x0000000002463d04 [0x0000000002463c00+0x104]
j  java.awt.LightweightDispatcher.retargetMouseEvent(Ljava/awt/Component;ILjava/awt/event/MouseEvent;)V+327
j  java.awt.LightweightDispatcher.processMouseEvent(Ljava/awt/event/MouseEvent;)Z+143
j  java.awt.LightweightDispatcher.dispatchEvent(Ljava/awt/AWTEvent;)Z+50
J 848 C1 java.awt.Container.dispatchEventImpl(Ljava/awt/AWTEvent;)V (129 bytes) @ 0x0000000002464164 [0x0000000002464080+0xe4]
j  java.awt.Window.dispatchEventImpl(Ljava/awt/AWTEvent;)V+19
J 871 C1 java.awt.EventQueue.dispatchEventImpl(Ljava/awt/AWTEvent;Ljava/lang/Object;)V (149 bytes) @ 0x000000000247668c [0x0000000002475000+0x168c]
J 869 C1 java.awt.EventQueue$3.run()Ljava/lang/Void; (60 bytes) @ 0x000000000247444c [0x0000000002474240+0x20c]
J 868 C1 java.awt.EventQueue$3.run()Ljava/lang/Object; (5 bytes) @ 0x0000000002473ecc [0x0000000002473e40+0x8c]
v  ~StubRoutines::call_stub
J 663  java.security.AccessController.doPrivileged(Ljava/security/PrivilegedAction;Ljava/security/AccessControlContext;)Ljava/lang/Object; (0 bytes) @ 0x0000000002407a26 [0x00000000024079c0+0x66]
J 665 C1 java.security.ProtectionDomain$1.doIntersectionPrivilege(Ljava/security/PrivilegedAction;Ljava/security/AccessControlContext;Ljava/security/AccessControlContext;)Ljava/lang/Object; (32 bytes) @ 0x000000000240835c [0x0000000002408060+0x2fc]
j  java.security.ProtectionDomain$1.doIntersectionPrivilege(Ljava/security/PrivilegedAction;Ljava/security/AccessControlContext;)Ljava/lang/Object;+6
j  java.awt.EventQueue$4.run()Ljava/lang/Void;+11
j  java.awt.EventQueue$4.run()Ljava/lang/Object;+1
v  ~StubRoutines::call_stub
J 663  java.security.AccessController.doPrivileged(Ljava/security/PrivilegedAction;Ljava/security/AccessControlContext;)Ljava/lang/Object; (0 bytes) @ 0x0000000002407a26 [0x00000000024079c0+0x66]
J 780 C1 java.awt.EventQueue.dispatchEvent(Ljava/awt/AWTEvent;)V (80 bytes) @ 0x0000000002441034 [0x0000000002440380+0xcb4]
J 783 C1 java.awt.EventDispatchThread.pumpOneEventForFilters(I)V (295 bytes) @ 0x000000000244416c [0x00000000024424c0+0x1cac]
j  java.awt.EventDispatchThread.pumpEventsForFilter(ILjava/awt/Conditional;Ljava/awt/EventFilter;)V+35
j  java.awt.EventDispatchThread.pumpEventsForHierarchy(ILjava/awt/Conditional;Ljava/awt/Component;)V+11
j  java.awt.EventDispatchThread.pumpEvents(ILjava/awt/Conditional;)V+4
j  java.awt.EventDispatchThread.pumpEvents(Ljava/awt/Conditional;)V+3
j  java.awt.EventDispatchThread.run()V+9
v  ~StubRoutines::call_stub

---------------  P R O C E S S  ---------------

Java Threads: ( => current thread )
  0x0000000018dfb000 JavaThread "Swing-Shell" daemon [_thread_blocked, id=6344, stack(0x000000001d5b0000,0x000000001d6b0000)]
  0x0000000018f14000 JavaThread "TimerQueue" daemon [_thread_blocked, id=16036, stack(0x000000001cb90000,0x000000001cc90000)]
  0x0000000018d75000 JavaThread "D3D Screen Updater" daemon [_thread_blocked, id=13576, stack(0x000000001be50000,0x000000001bf50000)]
  0x00000000005ad800 JavaThread "DestroyJavaVM" [_thread_blocked, id=15656, stack(0x0000000000a20000,0x0000000000b20000)]
=>0x0000000018ba7800 JavaThread "AWT-EventQueue-0" [_thread_in_vm, id=6912, stack(0x0000000019c40000,0x0000000019d40000)]
  0x0000000018b37800 JavaThread "AWT-Windows" daemon [_thread_in_native, id=11124, stack(0x0000000019530000,0x0000000019630000)]
  0x0000000018b33800 JavaThread "AWT-Shutdown" [_thread_blocked, id=8308, stack(0x0000000019430000,0x0000000019530000)]
  0x0000000018b30800 JavaThread "Java2D Disposer" daemon [_thread_blocked, id=11532, stack(0x0000000019330000,0x0000000019430000)]
  0x0000000017f0f000 JavaThread "Service Thread" daemon [_thread_blocked, id=1300, stack(0x0000000018850000,0x0000000018950000)]
  0x0000000017e89000 JavaThread "C1 CompilerThread3" daemon [_thread_blocked, id=2780, stack(0x0000000018750000,0x0000000018850000)]
  0x0000000017e7d000 JavaThread "C2 CompilerThread2" daemon [_thread_blocked, id=8648, stack(0x0000000018650000,0x0000000018750000)]
  0x0000000017e79000 JavaThread "C2 CompilerThread1" daemon [_thread_blocked, id=2876, stack(0x0000000018550000,0x0000000018650000)]
  0x0000000017e76800 JavaThread "C2 CompilerThread0" daemon [_thread_blocked, id=9960, stack(0x0000000018450000,0x0000000018550000)]
  0x0000000017e75800 JavaThread "Attach Listener" daemon [_thread_blocked, id=13892, stack(0x0000000018350000,0x0000000018450000)]
  0x0000000017e74800 JavaThread "Signal Dispatcher" daemon [_thread_blocked, id=14220, stack(0x0000000018250000,0x0000000018350000)]
  0x0000000015e8c000 JavaThread "Finalizer" daemon [_thread_blocked, id=12664, stack(0x0000000017d50000,0x0000000017e50000)]
  0x0000000002183800 JavaThread "Reference Handler" daemon [_thread_blocked, id=15604, stack(0x0000000017c50000,0x0000000017d50000)]

Other Threads:
  0x0000000015e87800 VMThread [stack: 0x0000000017b50000,0x0000000017c50000] [id=11836]
  0x0000000017f0f800 WatcherThread [stack: 0x0000000018950000,0x0000000018a50000] [id=3012]

VM state:not at safepoint (normal execution)

VM Mutex/Monitor currently owned by a thread: None

Heap:
 PSYoungGen      total 28672K, used 20292K [0x00000000e0900000, 0x00000000e2900000, 0x0000000100000000)
  eden space 24576K, 82% used [0x00000000e0900000,0x00000000e1cd13e0,0x00000000e2100000)
  from space 4096K, 0% used [0x00000000e2500000,0x00000000e2500000,0x00000000e2900000)
  to   space 4096K, 0% used [0x00000000e2100000,0x00000000e2100000,0x00000000e2500000)
 ParOldGen       total 65536K, used 0K [0x00000000a1a00000, 0x00000000a5a00000, 0x00000000e0900000)
  object space 65536K, 0% used [0x00000000a1a00000,0x00000000a1a00000,0x00000000a5a00000)
 Metaspace       used 17213K, capacity 17348K, committed 17664K, reserved 1064960K
  class space    used 2213K, capacity 2252K, committed 2304K, reserved 1048576K

Card table byte_map: [0x0000000011550000,0x0000000011850000] byte_map_base: 0x0000000011043000

Marking Bits: (ParMarkBitMap*) 0x000000005e37d490
 Begin Bits: [0x0000000012250000, 0x00000000139e8000)
 End Bits:   [0x00000000139e8000, 0x0000000015180000)

Polling page: 0x0000000000570000

CodeCache: size=245760Kb used=6144Kb max_used=6144Kb free=239615Kb
 bounds [0x0000000002190000, 0x00000000027a0000, 0x0000000011190000]
 total_blobs=2487 nmethods=1926 adapters=473
 compilation: enabled

Compilation events (10 events):
Event: 15.402 Thread 0x0000000017e89000 nmethod 1930 0x00000000027901d0 code [0x0000000002790500, 0x00000000027917c8]
Event: 15.402 Thread 0x0000000017e7d000 1931       4       sun.java2d.d3d.D3DSurfaceData::getContext (5 bytes)
Event: 15.402 Thread 0x0000000017e7d000 nmethod 1931 0x0000000002719790 code [0x00000000027198c0, 0x0000000002719938]
Event: 15.404 Thread 0x0000000017e89000 1932       3       java.util.IdentityHashMap$IdentityHashMapIterator::<init> (6 bytes)
Event: 15.404 Thread 0x0000000017e89000 nmethod 1932 0x000000000278ebd0 code [0x000000000278ed40, 0x000000000278eec8]
Event: 15.404 Thread 0x0000000017e89000 1933       3       java.util.IdentityHashMap$IdentityHashMapIterator::<init> (63 bytes)
Event: 15.404 Thread 0x0000000017e89000 nmethod 1933 0x000000000278cd50 code [0x000000000278cec0, 0x000000000278d130]
Event: 15.471 Thread 0x0000000017e89000 1934       3       java.awt.Container::containsFocus (13 bytes)
Event: 15.471 Thread 0x0000000017e89000 nmethod 1934 0x000000000278c790 code [0x000000000278c920, 0x000000000278cc18]
Event: 15.471 Thread 0x0000000017e89000 1935   !   3       java.awt.Container::mixOnHiding (79 bytes)

GC Heap History (0 events):
No events

Deoptimization events (9 events):
Event: 0.355 Thread 0x0000000018ba7800 Uncommon trap: reason=class_check action=maybe_recompile pc=0x0000000002332fdc method=java.lang.String.equals(Ljava/lang/Object;)Z @ 8
Event: 0.355 Thread 0x0000000018ba7800 Uncommon trap: reason=class_check action=maybe_recompile pc=0x0000000002332fdc method=java.lang.String.equals(Ljava/lang/Object;)Z @ 8
Event: 0.357 Thread 0x0000000018ba7800 Uncommon trap: reason=class_check action=maybe_recompile pc=0x0000000002332fdc method=java.lang.String.equals(Ljava/lang/Object;)Z @ 8
Event: 0.357 Thread 0x0000000018ba7800 Uncommon trap: reason=class_check action=maybe_recompile pc=0x0000000002332fdc method=java.lang.String.equals(Ljava/lang/Object;)Z @ 8
Event: 11.877 Thread 0x0000000018ba7800 Uncommon trap: reason=class_check action=maybe_recompile pc=0x0000000002370a6c method=java.util.HashMap.putVal(ILjava/lang/Object;Ljava/lang/Object;ZZ)Ljava/lang/Object; @ 253
Event: 11.877 Thread 0x0000000018ba7800 Uncommon trap: reason=class_check action=maybe_recompile pc=0x0000000002370a6c method=java.util.HashMap.putVal(ILjava/lang/Object;Ljava/lang/Object;ZZ)Ljava/lang/Object; @ 253
Event: 11.877 Thread 0x0000000018ba7800 Uncommon trap: reason=class_check action=maybe_recompile pc=0x0000000002370a6c method=java.util.HashMap.putVal(ILjava/lang/Object;Ljava/lang/Object;ZZ)Ljava/lang/Object; @ 253
Event: 11.877 Thread 0x0000000018ba7800 Uncommon trap: reason=class_check action=maybe_recompile pc=0x0000000002370a6c method=java.util.HashMap.putVal(ILjava/lang/Object;Ljava/lang/Object;ZZ)Ljava/lang/Object; @ 253
Event: 13.309 Thread 0x0000000018ba7800 Uncommon trap: reason=null_check action=make_not_entrant pc=0x000000000273be00 method=javax.swing.plaf.nimbus.NimbusDefaults$LazyStyle.matches(Ljava/awt/Component;I)Z @ 39

Internal exceptions (10 events):
Event: 12.004 Thread 0x0000000018ba7800 Exception <a 'java/security/PrivilegedActionException'> (0x00000000e1b596e8) thrown at [D:\re\workspace\8-2-build-windows-amd64-cygwin\jdk8u25\1677\hotspot\src\share\vm\prims\jvm.cpp, line 1312]
Event: 12.004 Thread 0x0000000018ba7800 Exception <a 'java/security/PrivilegedActionException'> (0x00000000e1b636d0) thrown at [D:\re\workspace\8-2-build-windows-amd64-cygwin\jdk8u25\1677\hotspot\src\share\vm\prims\jvm.cpp, line 1312]
Event: 12.005 Thread 0x0000000018ba7800 Exception <a 'java/security/PrivilegedActionException'> (0x00000000e1b67908) thrown at [D:\re\workspace\8-2-build-windows-amd64-cygwin\jdk8u25\1677\hotspot\src\share\vm\prims\jvm.cpp, line 1312]
Event: 12.005 Thread 0x0000000018ba7800 Exception <a 'java/security/PrivilegedActionException'> (0x00000000e1b6c9b8) thrown at [D:\re\workspace\8-2-build-windows-amd64-cygwin\jdk8u25\1677\hotspot\src\share\vm\prims\jvm.cpp, line 1312]
Event: 12.006 Thread 0x0000000018ba7800 Exception <a 'java/security/PrivilegedActionException'> (0x00000000e1b7df38) thrown at [D:\re\workspace\8-2-build-windows-amd64-cygwin\jdk8u25\1677\hotspot\src\share\vm\prims\jvm.cpp, line 1312]
Event: 12.011 Thread 0x0000000018ba7800 Exception <a 'java/security/PrivilegedActionException'> (0x00000000e1b957c8) thrown at [D:\re\workspace\8-2-build-windows-amd64-cygwin\jdk8u25\1677\hotspot\src\share\vm\prims\jvm.cpp, line 1312]
Event: 12.014 Thread 0x0000000018ba7800 Exception <a 'java/security/PrivilegedActionException'> (0x00000000e1ba7ac0) thrown at [D:\re\workspace\8-2-build-windows-amd64-cygwin\jdk8u25\1677\hotspot\src\share\vm\prims\jvm.cpp, line 1312]
Event: 12.015 Thread 0x0000000018ba7800 Exception <a 'java/security/PrivilegedActionException'> (0x00000000e1ba9de8) thrown at [D:\re\workspace\8-2-build-windows-amd64-cygwin\jdk8u25\1677\hotspot\src\share\vm\prims\jvm.cpp, line 1312]
Event: 12.016 Thread 0x0000000018ba7800 Exception <a 'java/security/PrivilegedActionException'> (0x00000000e1bac0b0) thrown at [D:\re\workspace\8-2-build-windows-amd64-cygwin\jdk8u25\1677\hotspot\src\share\vm\prims\jvm.cpp, line 1312]
Event: 13.309 Thread 0x0000000018ba7800 Implicit null exception at 0x0000000002738b12 to 0x000000000273bde1

Events (10 events):
Event: 13.337 Executing VM operation: RevokeBias
Event: 13.338 Executing VM operation: RevokeBias done
Event: 13.339 Executing VM operation: BulkRevokeBias
Event: 13.339 Executing VM operation: BulkRevokeBias done
Event: 13.347 loading class javax/swing/text/JTextComponent$InputMethodRequestsHandler
Event: 13.347 loading class javax/swing/text/JTextComponent$InputMethodRequestsHandler done
Event: 13.348 loading class javax/swing/text/DefaultHighlighter$LayeredHighlightInfo
Event: 13.348 loading class javax/swing/text/DefaultHighlighter$HighlightInfo
Event: 13.348 loading class javax/swing/text/DefaultHighlighter$HighlightInfo done
Event: 13.348 loading class javax/swing/text/DefaultHighlighter$LayeredHighlightInfo done


Dynamic libraries:
0x00007ff7f6c10000 - 0x00007ff7f6c44000 	C:\Program Files\Java\jdk1.8.0_25\jre\bin\java.exe
0x00007ffba97c0000 - 0x00007ffba9981000 	C:\WINDOWS\SYSTEM32\ntdll.dll
0x00007ffba7010000 - 0x00007ffba70bd000 	C:\WINDOWS\system32\KERNEL32.DLL
0x00007ffb9c320000 - 0x00007ffb9c352000 	C:\Program Files (x86)\AVG\Av\avghooka.dll
0x00007ffba66a0000 - 0x00007ffba6888000 	C:\WINDOWS\system32\KERNELBASE.dll
0x00007ffba6f60000 - 0x00007ffba7007000 	C:\WINDOWS\system32\ADVAPI32.dll
0x00007ffba8fe0000 - 0x00007ffba907d000 	C:\WINDOWS\system32\msvcrt.dll
0x00007ffba8e60000 - 0x00007ffba8ebb000 	C:\WINDOWS\system32\sechost.dll
0x00007ffba6d20000 - 0x00007ffba6e3c000 	C:\WINDOWS\system32\RPCRT4.dll
0x0000000000b30000 - 0x0000000000c86000 	C:\WINDOWS\system32\USER32.dll
0x00007ffba7120000 - 0x00007ffba72a6000 	C:\WINDOWS\system32\GDI32.dll
0x00007ffb9d8b0000 - 0x00007ffb9db24000 	C:\WINDOWS\WinSxS\amd64_microsoft.windows.common-controls_6595b64144ccf1df_6.0.10586.0_none_8c15ae12515e1c22\COMCTL32.dll
0x00007ffba73a0000 - 0x00007ffba761d000 	C:\WINDOWS\system32\combase.dll
0x00007ffba6630000 - 0x00007ffba669a000 	C:\WINDOWS\system32\bcryptPrimitives.dll
0x00007ffba7620000 - 0x00007ffba765b000 	C:\WINDOWS\system32\IMM32.DLL
0x000000005e830000 - 0x000000005e902000 	C:\Program Files\Java\jdk1.8.0_25\jre\bin\msvcr100.dll
0x000000005dba0000 - 0x000000005e3fa000 	C:\Program Files\Java\jdk1.8.0_25\jre\bin\server\jvm.dll
0x00007ffba6e40000 - 0x00007ffba6e48000 	C:\WINDOWS\system32\PSAPI.DLL
0x00007ffb98ab0000 - 0x00007ffb98ab9000 	C:\WINDOWS\SYSTEM32\WSOCK32.dll
0x00007ffba8df0000 - 0x00007ffba8e5b000 	C:\WINDOWS\system32\WS2_32.dll
0x00007ffba40c0000 - 0x00007ffba40e3000 	C:\WINDOWS\SYSTEM32\WINMM.dll
0x00007ffba29e0000 - 0x00007ffba2a0c000 	C:\WINDOWS\SYSTEM32\WINMMBASE.dll
0x00007ffba5f30000 - 0x00007ffba5f73000 	C:\WINDOWS\system32\cfgmgr32.dll
0x000000005e820000 - 0x000000005e82f000 	C:\Program Files\Java\jdk1.8.0_25\jre\bin\verify.dll
0x000000005db30000 - 0x000000005db58000 	C:\Program Files\Java\jdk1.8.0_25\jre\bin\java.dll
0x000000005db10000 - 0x000000005db26000 	C:\Program Files\Java\jdk1.8.0_25\jre\bin\zip.dll
0x00007ffba7730000 - 0x00007ffba8c8c000 	C:\WINDOWS\system32\SHELL32.dll
0x00007ffba5fe0000 - 0x00007ffba6625000 	C:\WINDOWS\system32\windows.storage.dll
0x00007ffba70c0000 - 0x00007ffba7112000 	C:\WINDOWS\system32\shlwapi.dll
0x00007ffba5e60000 - 0x00007ffba5e6f000 	C:\WINDOWS\system32\kernel.appcore.dll
0x00007ffba5e70000 - 0x00007ffba5f25000 	C:\WINDOWS\system32\shcore.dll
0x00007ffba5de0000 - 0x00007ffba5e2b000 	C:\WINDOWS\system32\powrprof.dll
0x00007ffba5e30000 - 0x00007ffba5e44000 	C:\WINDOWS\system32\profapi.dll
0x000000005d930000 - 0x000000005dac8000 	C:\Program Files\Java\jdk1.8.0_25\jre\bin\awt.dll
0x00007ffba72d0000 - 0x00007ffba7391000 	C:\WINDOWS\system32\OLEAUT32.dll
0x00007ffba46c0000 - 0x00007ffba4739000 	C:\WINDOWS\system32\apphelp.dll
0x00007ffba4760000 - 0x00007ffba47f6000 	C:\WINDOWS\system32\uxtheme.dll
0x00007ffba6bc0000 - 0x00007ffba6d1a000 	C:\WINDOWS\system32\MSCTF.dll
0x00007ffba2820000 - 0x00007ffba2842000 	C:\WINDOWS\system32\dwmapi.dll
0x00007ffba8c90000 - 0x00007ffba8dd3000 	C:\WINDOWS\system32\ole32.dll
0x000000005d8e0000 - 0x000000005d927000 	C:\Program Files\Java\jdk1.8.0_25\jre\bin\fontmanager.dll
0x00007ffb99700000 - 0x00007ffb99910000 	C:\WINDOWS\system32\d3d9.dll
0x00007ffb9ffa0000 - 0x00007ffba00c5000 	C:\WINDOWS\SYSTEM32\nvumdshimx.dll
0x00007ffba9080000 - 0x00007ffba94a9000 	C:\WINDOWS\system32\SETUPAPI.dll
0x00007ffb9ff60000 - 0x00007ffb9ff91000 	C:\WINDOWS\system32\nvinitx.dll
0x00007ffb9ff50000 - 0x00007ffb9ff5a000 	C:\WINDOWS\SYSTEM32\VERSION.dll
0x0000000019750000 - 0x0000000019756000 	C:\Program Files\NVIDIA Corporation\CoProcManager\_etoured.dll
0x00007ffb9b500000 - 0x00007ffb9b532000 	C:\Program Files\NVIDIA Corporation\CoProcManager\nvd3d9wrapx.dll
0x00007ffb9b4d0000 - 0x00007ffb9b4f2000 	C:\Program Files\NVIDIA Corporation\CoProcManager\nvdxgiwrapx.dll
0x00007ffba48b0000 - 0x00007ffba48d7000 	C:\WINDOWS\SYSTEM32\DEVOBJ.dll
0x0000000019770000 - 0x00000000197c5000 	C:\WINDOWS\system32\WINTRUST.dll
0x00007ffba5e50000 - 0x00007ffba5e60000 	C:\WINDOWS\system32\MSASN1.dll
0x00007ffba6960000 - 0x00007ffba6b27000 	C:\WINDOWS\system32\CRYPT32.dll
0x00007ffb771b0000 - 0x00007ffb77c1e000 	C:\WINDOWS\system32\igdumdim64.dll
0x00007ffb9ddb0000 - 0x00007ffb9e20f000 	C:\WINDOWS\SYSTEM32\igdusc64.dll
0x000000005daf0000 - 0x000000005db0a000 	C:\Program Files\Java\jdk1.8.0_25\jre\bin\net.dll
0x00007ffba56b0000 - 0x00007ffba570c000 	C:\WINDOWS\system32\mswsock.dll
0x000000005dad0000 - 0x000000005dae1000 	C:\Program Files\Java\jdk1.8.0_25\jre\bin\nio.dll
0x000000005d890000 - 0x000000005d8d1000 	C:\Program Files\Java\jdk1.8.0_25\jre\bin\t2k.dll
0x000000005d850000 - 0x000000005d87a000 	C:\Program Files\Java\jdk1.8.0_25\jre\bin\dcpr.dll
0x00007ffb9e5b0000 - 0x00007ffb9e65a000 	C:\WINDOWS\WinSxS\amd64_microsoft.windows.common-controls_6595b64144ccf1df_5.82.10586.0_none_396e892957c7fb25\comctl32.dll
0x00007ffba8f20000 - 0x00007ffba8fc7000 	C:\WINDOWS\system32\clbcatq.dll
0x00007ffba2e00000 - 0x00007ffba2f86000 	C:\WINDOWS\SYSTEM32\PROPSYS.dll
0x00007ffba1fb0000 - 0x00007ffba2443000 	C:\Windows\System32\ActXPrxy.dll
0x00007ffb81d70000 - 0x00007ffb81e97000 	C:\WINDOWS\system32\NetworkExplorer.dll
0x00007ffb9ac80000 - 0x00007ffb9aca8000 	C:\WINDOWS\System32\IDStore.dll
0x00007ffba5d10000 - 0x00007ffba5d39000 	C:\WINDOWS\System32\bcrypt.dll
0x00007ffba2980000 - 0x00007ffba299c000 	C:\WINDOWS\System32\SAMLIB.dll
0x00007ffb8d360000 - 0x00007ffb8d3f7000 	C:\WINDOWS\System32\wlidprov.dll
0x00007ffb97f70000 - 0x00007ffb97f8b000 	C:\WINDOWS\SYSTEM32\MPR.dll
0x00007ffba0ff0000 - 0x00007ffba0ffb000 	C:\WINDOWS\System32\drprov.dll
0x00007ffba5cb0000 - 0x00007ffba5d06000 	C:\WINDOWS\System32\WINSTA.dll
0x00007ffb96160000 - 0x00007ffb96176000 	C:\WINDOWS\System32\ntlanman.dll
0x00007ffb96140000 - 0x00007ffb96160000 	C:\WINDOWS\System32\davclnt.dll
0x00007ffb9f870000 - 0x00007ffb9f87c000 	C:\WINDOWS\System32\DAVHLPR.dll
0x00007ffb9fdc0000 - 0x00007ffb9fdd6000 	C:\WINDOWS\System32\wkscli.dll
0x00007ffb970c0000 - 0x00007ffb970d2000 	C:\WINDOWS\SYSTEM32\cscapi.dll
0x00007ffba51f0000 - 0x00007ffba51fc000 	C:\WINDOWS\System32\netutils.dll
0x00007ffb896b0000 - 0x00007ffb8972f000 	C:\Windows\System32\dlnashext.dll
0x00007ffb86be0000 - 0x00007ffb86c54000 	C:\Windows\System32\PlayToDevice.dll
0x00007ffb7ffa0000 - 0x00007ffb7ffbf000 	C:\Windows\System32\DevDispItemProvider.dll
0x00007ffb9b8e0000 - 0x00007ffb9b950000 	C:\WINDOWS\System32\MMDevApi.dll
0x00007ffb812c0000 - 0x00007ffb814c3000 	C:\WINDOWS\system32\wpdshext.dll
0x00007ffb9e660000 - 0x00007ffb9e808000 	C:\WINDOWS\WinSxS\amd64_microsoft.windows.gdiplus_6595b64144ccf1df_1.1.10586.20_none_db007f1392e69ef4\gdiplus.dll
0x00007ffba3b30000 - 0x00007ffba3bd1000 	C:\Windows\System32\PortableDeviceApi.dll
0x00007ffb9ac40000 - 0x00007ffb9ac77000 	C:\Windows\System32\EhStorShell.dll
0x00007ffb93b20000 - 0x00007ffb93b46000 	C:\Windows\System32\EhStorAPI.dll
0x00007ffba3380000 - 0x00007ffba3393000 	C:\Windows\System32\WTSAPI32.dll
0x00007ffba4150000 - 0x00007ffba415d000 	C:\WINDOWS\SYSTEM32\LINKINFO.dll
0x00007ffb8e180000 - 0x00007ffb8ec8b000 	C:\Windows\System32\TwinUI.dll
0x00007ffba4900000 - 0x00007ffba4a00000 	C:\Windows\System32\twinapi.appcore.dll
0x00007ffb9f930000 - 0x00007ffb9faed000 	C:\Windows\System32\Windows.UI.Immersive.dll
0x00007ffba2a10000 - 0x00007ffba2b46000 	C:\WINDOWS\SYSTEM32\wintypes.dll
0x00007ffba16c0000 - 0x00007ffba1871000 	C:\WINDOWS\SYSTEM32\WindowsCodecs.dll
0x00007ffb909e0000 - 0x00007ffb90a2a000 	C:\WINDOWS\system32\dataexchange.dll
0x00007ffba2570000 - 0x00007ffba2818000 	C:\WINDOWS\system32\d3d11.dll
0x00007ffba4340000 - 0x00007ffba4423000 	C:\WINDOWS\system32\dcomp.dll
0x00007ffba24c0000 - 0x00007ffba2563000 	C:\WINDOWS\system32\dxgi.dll
0x00007ffba5760000 - 0x00007ffba5777000 	C:\WINDOWS\SYSTEM32\CRYPTSP.dll
0x00007ffba53f0000 - 0x00007ffba5424000 	C:\WINDOWS\system32\rsaenh.dll
0x00007ffba5540000 - 0x00007ffba555f000 	C:\WINDOWS\SYSTEM32\USERENV.dll
0x00007ffba5880000 - 0x00007ffba588b000 	C:\WINDOWS\SYSTEM32\CRYPTBASE.dll
0x00007ffba3670000 - 0x00007ffba36a8000 	C:\WINDOWS\SYSTEM32\IPHLPAPI.DLL
0x00007ffba8fd0000 - 0x00007ffba8fd8000 	C:\WINDOWS\system32\NSI.dll
0x00007ffb9fe00000 - 0x00007ffb9fe16000 	C:\WINDOWS\SYSTEM32\dhcpcsvc6.DLL
0x00007ffb9fe40000 - 0x00007ffb9fe5a000 	C:\WINDOWS\SYSTEM32\dhcpcsvc.DLL
0x000000006d580000 - 0x000000006d63d000 	C:\Users\Nathan\AppData\Local\Temp\sqlite-3.8.11.2-84ee624e-e07b-4149-bca7-11ad83e8d3d3-sqlitejdbc.dll
0x00007ffb958c0000 - 0x00007ffb95a4c000 	C:\WINDOWS\SYSTEM32\dbghelp.dll

VM Arguments:
jvm_args: -Dfile.encoding=UTF-8 
java_command: IST261DesktopPaneDemo.jfMain
java_class_path (initial): C:\Users\Nathan\OneDrive\Documents\2016 Spring\IST261\CourseManagement\rs2xml.jar;C:\Users\Nathan\OneDrive\Documents\2016 Spring\IST261\LOCALIST261DesktopPaneDemo\src\IST261DesktopPaneDemo\sqlite-jdbc-3.8.11.2.jar;C:\Users\Nathan\OneDrive\Documents\2016 Spring\IST261\CourseManagement\build\classes
Launcher Type: SUN_STANDARD

Environment Variables:
JAVA_HOME=C:\Program Files\Java\jdk1.8.0_71
PATH=C:\ProgramData\Oracle\Java\javapath;C:\Program Files (x86)\NVIDIA Corporation\PhysX\Common;C:\Program Files (x86)\HP SimplePass\x64;C:\Program Files (x86)\HP SimplePass\;;C:\Program Files (x86)\Intel\iCLS Client\;C:\Program Files\Intel\iCLS Client\;C:\WINDOWS\system32;C:\WINDOWS;C:\WINDOWS\System32\Wbem;C:\WINDOWS\System32\WindowsPowerShell\v1.0\;C:\Program Files (x86)\Windows Live\Shared;C:\Program Files\Intel\Intel(R) Management Engine Components\DAL;C:\Program Files\Intel\Intel(R) Management Engine Components\IPT;C:\Program Files (x86)\Intel\Intel(R) Management Engine Components\DAL;C:\Program Files (x86)\Intel\Intel(R) Management Engine Components\IPT;C:\Program Files (x86)\Intel\OpenCL SDK\2.0\bin\x86;C:\Program Files (x86)\Intel\OpenCL SDK\2.0\bin\x64;C:\Program Files (x86)\Hewlett-Packard\HP SimplePass Identity Protection\x64;C:\Users\Nathan\AppData\Local\Smartbar\Application\;C:\Program Files (x86)\MySQL\MySQL Utilities 1.3.6\;C:\Program Files (x86)\Windows Kits\8.1\Windows Performance Toolkit\;C:\Program Files\Microsoft SQL Server\110\Tools\Binn\;C:\Program Files (x86)\Microsoft SDKs\TypeScript\1.0\;C:\Program Files\Microsoft SQL Server\120\Tools\Binn\;C:\WINDOWS\system32;C:\WINDOWS;C:\WINDOWS\System32\Wbem;C:\WINDOWS\System32\WindowsPowerShell\v1.0\;C:\Program Files (x86)\Skype\Phone\;C:\Program Files (x86)\SSH Communications Security\SSH Secure Shell
USERNAME=Nathan
OS=Windows_NT
PROCESSOR_IDENTIFIER=Intel64 Family 6 Model 58 Stepping 9, GenuineIntel



---------------  S Y S T E M  ---------------

OS: Windows 8.1 , 64 bit Build 9600 

CPU:total 8 (4 cores per cpu, 2 threads per core) family 6 model 58 stepping 9, cmov, cx8, fxsr, mmx, sse, sse2, sse3, ssse3, sse4.1, sse4.2, popcnt, avx, aes, clmul, erms, ht, tsc, tscinvbit, tscinv

Memory: 4k page, physical 6178072k(1817008k free), swap 8209688k(2339052k free)

vm_info: Java HotSpot(TM) 64-Bit Server VM (25.25-b02) for windows-amd64 JRE (1.8.0_25-b18), built on Oct  7 2014 14:25:37 by "java_re" with MS VC++ 10.0 (VS2010)

time: Mon Mar 21 23:27:06 2016
elapsed time: 15 seconds (0d 0h 0m 15s)

